Determining if the pthread_create exist failed with the following output:
Change Dir: /home/rae/catkin_ws/build/CMakeFiles/CMakeTmp

Run Build Command:/usr/bin/make "cmTryCompileExec3874289524/fast"
/usr/bin/make -f CMakeFiles/cmTryCompileExec3874289524.dir/build.make CMakeFiles/cmTryCompileExec3874289524.dir/build
make[1]: Entering directory `/home/rae/catkin_ws/build/CMakeFiles/CMakeTmp'
/usr/bin/cmake -E cmake_progress_report /home/rae/catkin_ws/build/CMakeFiles/CMakeTmp/CMakeFiles 1
Building C object CMakeFiles/cmTryCompileExec3874289524.dir/CheckSymbolExists.c.o
/usr/bin/cc    -o CMakeFiles/cmTryCompileExec3874289524.dir/CheckSymbolExists.c.o   -c /home/rae/catkin_ws/build/CMakeFiles/CMakeTmp/CheckSymbolExists.c
Linking C executable cmTryCompileExec3874289524
/usr/bin/cmake -E cmake_link_script CMakeFiles/cmTryCompileExec3874289524.dir/link.txt --verbose=1
/usr/bin/cc       CMakeFiles/cmTryCompileExec3874289524.dir/CheckSymbolExists.c.o  -o cmTryCompileExec3874289524 -rdynamic 
CMakeFiles/cmTryCompileExec3874289524.dir/CheckSymbolExists.c.o: In function `main':
CheckSymbolExists.c:(.text+0x16): undefined reference to `pthread_create'
collect2: error: ld returned 1 exit status
make[1]: *** [cmTryCompileExec3874289524] Error 1
make[1]: Leaving directory `/home/rae/catkin_ws/build/CMakeFiles/CMakeTmp'
make: *** [cmTryCompileExec3874289524/fast] Error 2

File /home/rae/catkin_ws/build/CMakeFiles/CMakeTmp/CheckSymbolExists.c:
/* */
#include <pthread.h>

int main(int argc, char** argv)
{
  (void)argv;
#ifndef pthread_create
  return ((int*)(&pthread_create))[argc];
#else
  (void)argc;
  return 0;
#endif
}

Determining if the function pthread_create exists in the pthreads failed with the following output:
Change Dir: /home/rae/catkin_ws/build/CMakeFiles/CMakeTmp

Run Build Command:/usr/bin/make "cmTryCompileExec1060636754/fast"
/usr/bin/make -f CMakeFiles/cmTryCompileExec1060636754.dir/build.make CMakeFiles/cmTryCompileExec1060636754.dir/build
make[1]: Entering directory `/home/rae/catkin_ws/build/CMakeFiles/CMakeTmp'
/usr/bin/cmake -E cmake_progress_report /home/rae/catkin_ws/build/CMakeFiles/CMakeTmp/CMakeFiles 1
Building C object CMakeFiles/cmTryCompileExec1060636754.dir/CheckFunctionExists.c.o
/usr/bin/cc   -DCHECK_FUNCTION_EXISTS=pthread_create   -o CMakeFiles/cmTryCompileExec1060636754.dir/CheckFunctionExists.c.o   -c /usr/share/cmake-2.8/Modules/CheckFunctionExists.c
Linking C executable cmTryCompileExec1060636754
/usr/bin/cmake -E cmake_link_script CMakeFiles/cmTryCompileExec1060636754.dir/link.txt --verbose=1
/usr/bin/cc   -DCHECK_FUNCTION_EXISTS=pthread_create    CMakeFiles/cmTryCompileExec1060636754.dir/CheckFunctionExists.c.o  -o cmTryCompileExec1060636754 -rdynamic -lpthreads 
/usr/bin/ld: cannot find -lpthreads
collect2: error: ld returned 1 exit status
make[1]: Leaving directory `/home/rae/catkin_ws/build/CMakeFiles/CMakeTmp'
make[1]: *** [cmTryCompileExec1060636754] Error 1
make: *** [cmTryCompileExec1060636754/fast] Error 2


